[01m[K/home/zack/Workspace/image_projection/src/homography/src/homography.cpp:[m[K In function â€˜[01m[Kint main()[m[Kâ€™:
[01m[K/home/zack/Workspace/image_projection/src/homography/src/homography.cpp:19:8:[m[K [01;31m[Kerror: [m[Kâ€˜[01m[Kimg[m[Kâ€™ was not declared in this scope; did you mean â€˜[01m[Kim0[m[Kâ€™?
   19 |     if([01;31m[Kimg[m[K.empty())
      |        [01;31m[K^~~[m[K
      |        [32m[Kim0[m[K
[01m[K/home/zack/Workspace/image_projection/src/homography/src/homography.cpp:21:54:[m[K [01;31m[Kerror: [m[Kâ€˜[01m[Kimage_path[m[Kâ€™ was not declared in this scope
   21 |         std::cout << "Could not read the image: " << [01;31m[Kimage_path[m[K << std::endl;
      |                                                      [01;31m[K^~~~~~~~~~[m[K
gmake[2]: *** [CMakeFiles/get_homography.dir/build.make:76: CMakeFiles/get_homography.dir/src/homography.cpp.o] Error 1
gmake[1]: *** [CMakeFiles/Makefile2:137: CMakeFiles/get_homography.dir/all] Error 2
gmake: *** [Makefile:146: all] Error 2
