[0.061s] Invoking command in '/home/zack/Workspace/image_projection/src/build/image_projection': CMAKE_PREFIX_PATH=${CMAKE_PREFIX_PATH}:/opt/ros/humble /usr/bin/cmake --build /home/zack/Workspace/image_projection/src/build/image_projection -- -j24 -l24
[0.084s] [35m[1mConsolidate compiler generated dependencies of target get_homography[0m
[0.095s] [ 50%] [32mBuilding CXX object CMakeFiles/get_homography.dir/src/homography.cpp.o[0m
[1.649s] [01m[K/home/zack/Workspace/image_projection/src/homography/src/homography.cpp:[m[K In function â€˜[01m[Kint main()[m[Kâ€™:
[1.649s] [01m[K/home/zack/Workspace/image_projection/src/homography/src/homography.cpp:19:8:[m[K [01;31m[Kerror: [m[Kâ€˜[01m[Kimg[m[Kâ€™ was not declared in this scope; did you mean â€˜[01m[Kim0[m[Kâ€™?
[1.649s]    19 |     if([01;31m[Kimg[m[K.empty())
[1.649s]       |        [01;31m[K^~~[m[K
[1.649s]       |        [32m[Kim0[m[K
[1.651s] [01m[K/home/zack/Workspace/image_projection/src/homography/src/homography.cpp:21:54:[m[K [01;31m[Kerror: [m[Kâ€˜[01m[Kimage_path[m[Kâ€™ was not declared in this scope
[1.651s]    21 |         std::cout << "Could not read the image: " << [01;31m[Kimage_path[m[K << std::endl;
[1.651s]       |                                                      [01;31m[K^~~~~~~~~~[m[K
[2.061s] gmake[2]: *** [CMakeFiles/get_homography.dir/build.make:76: CMakeFiles/get_homography.dir/src/homography.cpp.o] Error 1
[2.061s] gmake[1]: *** [CMakeFiles/Makefile2:137: CMakeFiles/get_homography.dir/all] Error 2
[2.062s] gmake: *** [Makefile:146: all] Error 2
[2.064s] Invoked command in '/home/zack/Workspace/image_projection/src/build/image_projection' returned '2': CMAKE_PREFIX_PATH=${CMAKE_PREFIX_PATH}:/opt/ros/humble /usr/bin/cmake --build /home/zack/Workspace/image_projection/src/build/image_projection -- -j24 -l24
