[0.000000] (-) TimerEvent: {}
[0.000263] (image_projection) JobQueued: {'identifier': 'image_projection', 'dependencies': OrderedDict()}
[0.000281] (image_projection) JobStarted: {'identifier': 'image_projection'}
[0.059713] (image_projection) JobProgress: {'identifier': 'image_projection', 'progress': 'cmake'}
[0.060200] (image_projection) JobProgress: {'identifier': 'image_projection', 'progress': 'build'}
[0.060231] (image_projection) Command: {'cmd': ['/usr/bin/cmake', '--build', '/home/zack/Workspace/image_projection/src/build/image_projection', '--', '-j24', '-l24'], 'cwd': '/home/zack/Workspace/image_projection/src/build/image_projection', 'env': OrderedDict([('GJS_DEBUG_TOPICS', 'JS ERROR;JS LOG'), ('LESSOPEN', '| /usr/bin/lesspipe %s'), ('USER', 'zack'), ('GIO_MODULE_DIR', '/home/zack/snap/code/common/.cache/gio-modules'), ('XDG_SESSION_TYPE', 'x11'), ('GIT_ASKPASS', '/snap/code/156/usr/share/code/resources/app/extensions/git/dist/askpass.sh'), ('GTK_EXE_PREFIX_VSCODE_SNAP_ORIG', ''), ('GDK_BACKEND_VSCODE_SNAP_ORIG', ''), ('SHLVL', '1'), ('LD_LIBRARY_PATH', '/usr/lib/x86_64-linux-gnu/gazebo-11/plugins:/opt/ros/humble/opt/rviz_ogre_vendor/lib:/opt/ros/humble/lib/x86_64-linux-gnu:/opt/ros/humble/lib'), ('HOME', '/home/zack'), ('CHROME_DESKTOP', 'code-url-handler.desktop'), ('LOCPATH_VSCODE_SNAP_ORIG', ''), ('OLDPWD', '/home/zack/Workspace/image_projection'), ('TERM_PROGRAM_VERSION', '1.88.0'), ('DESKTOP_SESSION', 'ubuntu'), ('GTK_PATH', '/snap/code/156/usr/lib/x86_64-linux-gnu/gtk-3.0'), ('GTK_IM_MODULE_FILE', '/home/zack/snap/code/common/.cache/immodules/immodules.cache'), ('GIO_LAUNCHED_DESKTOP_FILE', '/var/lib/snapd/desktop/applications/code_code.desktop'), ('ROS_PYTHON_VERSION', '3'), ('GNOME_SHELL_SESSION_MODE', 'ubuntu'), ('GTK_MODULES', 'gail:atk-bridge'), ('GSETTINGS_SCHEMA_DIR_VSCODE_SNAP_ORIG', ''), ('VSCODE_GIT_ASKPASS_MAIN', '/snap/code/156/usr/share/code/resources/app/extensions/git/dist/askpass-main.js'), ('VSCODE_GIT_ASKPASS_NODE', '/snap/code/156/usr/share/code/code'), ('MANAGERPID', '1957'), ('SYSTEMD_EXEC_PID', '2484'), ('DBUS_SESSION_BUS_ADDRESS', 'unix:path=/run/user/1000/bus'), ('COLORTERM', 'truecolor'), ('GIO_LAUNCHED_DESKTOP_FILE_PID', '67845'), ('COLCON_PREFIX_PATH', '/home/zack/Workspace/image_projection/src/install:/home/zack/Workspace/ros_practice_projects/install:/home/zack/Workspace/ros_practice_projects/src/install:/home/zack/Workspace/image_projection/install'), ('ROS_DISTRO', 'humble'), ('GTK_IM_MODULE', 'ibus'), ('LOGNAME', 'zack'), ('JOURNAL_STREAM', '8:46276'), ('_', '/usr/bin/colcon'), ('ROS_VERSION', '2'), ('XDG_CONFIG_DIRS_VSCODE_SNAP_ORIG', '/etc/xdg/xdg-ubuntu:/etc/xdg'), ('XDG_SESSION_CLASS', 'user'), ('XDG_DATA_DIRS_VSCODE_SNAP_ORIG', '/usr/share/ubuntu:/usr/share/gnome:/usr/local/share/:/usr/share/:/var/lib/snapd/desktop'), ('USERNAME', 'zack'), ('TERM', 'xterm-256color'), ('GNOME_DESKTOP_SESSION_ID', 'this-is-deprecated'), ('ROS_LOCALHOST_ONLY', '0'), ('WINDOWPATH', '2'), ('PATH', '/home/zack/.local/bin:/home/zack/bin:/opt/ros/humble/bin:/home/zack/.local/bin:/home/zack/bin:/usr/local/sbin:/usr/local/bin:/usr/sbin:/usr/bin:/sbin:/bin:/usr/games:/usr/local/games:/snap/bin:/snap/bin'), ('SESSION_MANAGER', 'local/zack-Precision-7670:@/tmp/.ICE-unix/2443,unix/zack-Precision-7670:/tmp/.ICE-unix/2443'), ('GTK_EXE_PREFIX', '/snap/code/156/usr'), ('INVOCATION_ID', '3c7fcf5b668c421bbefe5a79a7292455'), ('XDG_MENU_PREFIX', 'gnome-'), ('BAMF_DESKTOP_FILE_HINT', '/var/lib/snapd/desktop/applications/code_code.desktop'), ('XDG_RUNTIME_DIR', '/run/user/1000'), ('GDK_BACKEND', 'x11'), ('DISPLAY', ':1'), ('LOCPATH', '/snap/code/156/usr/lib/locale'), ('LANG', 'en_US.UTF-8'), ('XDG_CURRENT_DESKTOP', 'Unity'), ('GIO_MODULE_DIR_VSCODE_SNAP_ORIG', ''), ('XMODIFIERS', '@im=ibus'), ('XDG_SESSION_DESKTOP', 'ubuntu'), ('XAUTHORITY', '/run/user/1000/gdm/Xauthority'), ('LS_COLORS', 'rs=0:di=01;34:ln=01;36:mh=00:pi=40;33:so=01;35:do=01;35:bd=40;33;01:cd=40;33;01:or=40;31;01:mi=00:su=37;41:sg=30;43:ca=30;41:tw=30;42:ow=34;42:st=37;44:ex=01;32:*.tar=01;31:*.tgz=01;31:*.arc=01;31:*.arj=01;31:*.taz=01;31:*.lha=01;31:*.lz4=01;31:*.lzh=01;31:*.lzma=01;31:*.tlz=01;31:*.txz=01;31:*.tzo=01;31:*.t7z=01;31:*.zip=01;31:*.z=01;31:*.dz=01;31:*.gz=01;31:*.lrz=01;31:*.lz=01;31:*.lzo=01;31:*.xz=01;31:*.zst=01;31:*.tzst=01;31:*.bz2=01;31:*.bz=01;31:*.tbz=01;31:*.tbz2=01;31:*.tz=01;31:*.deb=01;31:*.rpm=01;31:*.jar=01;31:*.war=01;31:*.ear=01;31:*.sar=01;31:*.rar=01;31:*.alz=01;31:*.ace=01;31:*.zoo=01;31:*.cpio=01;31:*.7z=01;31:*.rz=01;31:*.cab=01;31:*.wim=01;31:*.swm=01;31:*.dwm=01;31:*.esd=01;31:*.jpg=01;35:*.jpeg=01;35:*.mjpg=01;35:*.mjpeg=01;35:*.gif=01;35:*.bmp=01;35:*.pbm=01;35:*.pgm=01;35:*.ppm=01;35:*.tga=01;35:*.xbm=01;35:*.xpm=01;35:*.tif=01;35:*.tiff=01;35:*.png=01;35:*.svg=01;35:*.svgz=01;35:*.mng=01;35:*.pcx=01;35:*.mov=01;35:*.mpg=01;35:*.mpeg=01;35:*.m2v=01;35:*.mkv=01;35:*.webm=01;35:*.webp=01;35:*.ogm=01;35:*.mp4=01;35:*.m4v=01;35:*.mp4v=01;35:*.vob=01;35:*.qt=01;35:*.nuv=01;35:*.wmv=01;35:*.asf=01;35:*.rm=01;35:*.rmvb=01;35:*.flc=01;35:*.avi=01;35:*.fli=01;35:*.flv=01;35:*.gl=01;35:*.dl=01;35:*.xcf=01;35:*.xwd=01;35:*.yuv=01;35:*.cgm=01;35:*.emf=01;35:*.ogv=01;35:*.ogx=01;35:*.aac=00;36:*.au=00;36:*.flac=00;36:*.m4a=00;36:*.mid=00;36:*.midi=00;36:*.mka=00;36:*.mp3=00;36:*.mpc=00;36:*.ogg=00;36:*.ra=00;36:*.wav=00;36:*.oga=00;36:*.opus=00;36:*.spx=00;36:*.xspf=00;36:'), ('VSCODE_GIT_IPC_HANDLE', '/run/user/1000/vscode-git-061951791d.sock'), ('TERM_PROGRAM', 'vscode'), ('SSH_AGENT_LAUNCHER', 'gnome-keyring'), ('SSH_AUTH_SOCK', '/run/user/1000/keyring/ssh'), ('GSETTINGS_SCHEMA_DIR', '/home/zack/snap/code/156/.local/share/glib-2.0/schemas'), ('AMENT_PREFIX_PATH', '/home/zack/Workspace/image_projection/src/install/image_projection:/home/zack/Workspace/image_projection/src/install/homography:/home/zack/Workspace/ros_practice_projects/install/cpp_pubsub:/home/zack/Workspace/ros_practice_projects/src/install/teleop_robot:/home/zack/Workspace/ros_practice_projects/src/install/cpp_srvcli:/home/zack/Workspace/ros_practice_projects/src/install/cpp_pubsub:/home/zack/Workspace/ros_practice_projects/src/install/cpp_parameters:/opt/ros/humble'), ('ORIGINAL_XDG_CURRENT_DESKTOP', 'ubuntu:GNOME'), ('SHELL', '/bin/bash'), ('QT_ACCESSIBILITY', '1'), ('GDMSESSION', 'ubuntu'), ('LESSCLOSE', '/usr/bin/lesspipe %s %s'), ('GTK_PATH_VSCODE_SNAP_ORIG', ''), ('GTK_IM_MODULE_FILE_VSCODE_SNAP_ORIG', ''), ('GPG_AGENT_INFO', '/run/user/1000/gnupg/S.gpg-agent:0:1'), ('GJS_DEBUG_OUTPUT', 'stderr'), ('VSCODE_GIT_ASKPASS_EXTRA_ARGS', ''), ('QT_IM_MODULE', 'ibus'), ('PWD', '/home/zack/Workspace/image_projection/src/build/image_projection'), ('LC_ALL', 'en_US.UTF-8'), ('XDG_CONFIG_DIRS', '/etc/xdg/xdg-ubuntu:/etc/xdg'), ('XDG_DATA_DIRS', '/home/zack/snap/code/156/.local/share:/home/zack/snap/code/156:/snap/code/156/usr/share:/usr/share/ubuntu:/usr/share/gnome:/usr/local/share/:/usr/share/:/var/lib/snapd/desktop'), ('PYTHONPATH', '/opt/ros/humble/lib/python3.10/site-packages:/opt/ros/humble/local/lib/python3.10/dist-packages'), ('COLCON', '1'), ('CMAKE_PREFIX_PATH', '/home/zack/Workspace/image_projection/src/install/image_projection:/home/zack/Workspace/image_projection/src/install/homography:/home/zack/Workspace/ros_practice_projects/install/cpp_pubsub:/home/zack/Workspace/ros_practice_projects/src/install/teleop_robot:/home/zack/Workspace/ros_practice_projects/src/install/cpp_srvcli:/home/zack/Workspace/ros_practice_projects/src/install/cpp_pubsub:/home/zack/Workspace/ros_practice_projects/src/install/cpp_parameters:/opt/ros/humble')]), 'shell': False}
[0.084601] (image_projection) StdoutLine: {'line': b'\x1b[35m\x1b[1mConsolidate compiler generated dependencies of target get_homography\x1b[0m\n'}
[0.095453] (image_projection) StdoutLine: {'line': b'[ 50%] \x1b[32mBuilding CXX object CMakeFiles/get_homography.dir/src/homography.cpp.o\x1b[0m\n'}
[0.099886] (-) TimerEvent: {}
[0.200160] (-) TimerEvent: {}
[0.300460] (-) TimerEvent: {}
[0.400736] (-) TimerEvent: {}
[0.501011] (-) TimerEvent: {}
[0.601255] (-) TimerEvent: {}
[0.701572] (-) TimerEvent: {}
[0.801876] (-) TimerEvent: {}
[0.902179] (-) TimerEvent: {}
[1.002402] (-) TimerEvent: {}
[1.102705] (-) TimerEvent: {}
[1.203086] (-) TimerEvent: {}
[1.303401] (-) TimerEvent: {}
[1.403653] (-) TimerEvent: {}
[1.503960] (-) TimerEvent: {}
[1.604228] (-) TimerEvent: {}
[1.648775] (image_projection) StderrLine: {'line': b'\x1b[01m\x1b[K/home/zack/Workspace/image_projection/src/homography/src/homography.cpp:\x1b[m\x1b[K In function \xe2\x80\x98\x1b[01m\x1b[Kint main()\x1b[m\x1b[K\xe2\x80\x99:\n'}
[1.648910] (image_projection) StderrLine: {'line': b'\x1b[01m\x1b[K/home/zack/Workspace/image_projection/src/homography/src/homography.cpp:19:8:\x1b[m\x1b[K \x1b[01;31m\x1b[Kerror: \x1b[m\x1b[K\xe2\x80\x98\x1b[01m\x1b[Kimg\x1b[m\x1b[K\xe2\x80\x99 was not declared in this scope; did you mean \xe2\x80\x98\x1b[01m\x1b[Kim0\x1b[m\x1b[K\xe2\x80\x99?\n'}
[1.648944] (image_projection) StderrLine: {'line': b'   19 |     if(\x1b[01;31m\x1b[Kimg\x1b[m\x1b[K.empty())\n'}
[1.648969] (image_projection) StderrLine: {'line': b'      |        \x1b[01;31m\x1b[K^~~\x1b[m\x1b[K\n'}
[1.648993] (image_projection) StderrLine: {'line': b'      |        \x1b[32m\x1b[Kim0\x1b[m\x1b[K\n'}
[1.651608] (image_projection) StderrLine: {'line': b'\x1b[01m\x1b[K/home/zack/Workspace/image_projection/src/homography/src/homography.cpp:21:54:\x1b[m\x1b[K \x1b[01;31m\x1b[Kerror: \x1b[m\x1b[K\xe2\x80\x98\x1b[01m\x1b[Kimage_path\x1b[m\x1b[K\xe2\x80\x99 was not declared in this scope\n'}
[1.651669] (image_projection) StderrLine: {'line': b'   21 |         std::cout << "Could not read the image: " << \x1b[01;31m\x1b[Kimage_path\x1b[m\x1b[K << std::endl;\n'}
[1.651699] (image_projection) StderrLine: {'line': b'      |                                                      \x1b[01;31m\x1b[K^~~~~~~~~~\x1b[m\x1b[K\n'}
[1.704395] (-) TimerEvent: {}
[1.804776] (-) TimerEvent: {}
[1.905045] (-) TimerEvent: {}
[2.005379] (-) TimerEvent: {}
[2.061589] (image_projection) StderrLine: {'line': b'gmake[2]: *** [CMakeFiles/get_homography.dir/build.make:76: CMakeFiles/get_homography.dir/src/homography.cpp.o] Error 1\n'}
[2.061728] (image_projection) StderrLine: {'line': b'gmake[1]: *** [CMakeFiles/Makefile2:137: CMakeFiles/get_homography.dir/all] Error 2\n'}
[2.061844] (image_projection) StderrLine: {'line': b'gmake: *** [Makefile:146: all] Error 2\n'}
[2.063406] (image_projection) CommandEnded: {'returncode': 2}
[2.105872] (-) TimerEvent: {}
[2.165417] (image_projection) JobEnded: {'identifier': 'image_projection', 'rc': 2}
[2.175942] (-) EventReactorShutdown: {}
