[0.061s] Invoking command in '/home/zack/Workspace/image_projection/src/build/image_projection': CMAKE_PREFIX_PATH=${CMAKE_PREFIX_PATH}:/opt/ros/humble /usr/bin/cmake --build /home/zack/Workspace/image_projection/src/build/image_projection -- -j24 -l24
[0.089s] [35m[1mConsolidate compiler generated dependencies of target get_homography[0m
[0.101s] [ 50%] [32mBuilding CXX object CMakeFiles/get_homography.dir/src/homography.cpp.o[0m
[0.231s] [01m[K/home/zack/Workspace/image_projection/src/homography/src/homography.cpp:17:30:[m[K [01;35m[Kwarning: [m[Kcharacter constant too long for its type
[0.231s]    17 |     cv::Mat im0 = cv::imread([01;35m[K'../images/im0.jpg'[m[K);
[0.231s]       |                              [01;35m[K^~~~~~~~~~~~~~~~~~~[m[K
[1.553s] [01m[K/home/zack/Workspace/image_projection/src/homography/src/homography.cpp:[m[K In function â€˜[01m[Kint main()[m[Kâ€™:
[1.553s] [01m[K/home/zack/Workspace/image_projection/src/homography/src/homography.cpp:17:30:[m[K [01;31m[Kerror: [m[Kinvalid initialization of reference of type â€˜[01m[Kconst String&[m[Kâ€™ {aka â€˜[01m[Kconst std::__cxx11::basic_string<char>&[m[Kâ€™} from expression of type â€˜[01m[Kint[m[Kâ€™
[1.553s] In file included from [01m[K/usr/include/opencv4/opencv2/highgui.hpp:48[m[K,
[1.553s]                  from [01m[K/usr/include/opencv4/opencv2/opencv.hpp:68[m[K,
[1.553s]                  from [01m[K/home/zack/Workspace/image_projection/src/homography/src/homography.cpp:4[m[K:
[1.553s] [01m[K/usr/include/opencv4/opencv2/imgcodecs.hpp:206:40:[m[K [01;36m[Knote: [m[Kin passing argument 1 of â€˜[01m[Kcv::Mat cv::imread(const String&, int)[m[Kâ€™
[1.553s]   206 | CV_EXPORTS_W Mat imread( [01;36m[Kconst String& filename[m[K, int flags = IMREAD_COLOR );
[1.553s]       |                          [01;36m[K~~~~~~~~~~~~~~^~~~~~~~[m[K
[1.936s] gmake[2]: *** [CMakeFiles/get_homography.dir/build.make:76: CMakeFiles/get_homography.dir/src/homography.cpp.o] Error 1
[1.937s] gmake[1]: *** [CMakeFiles/Makefile2:137: CMakeFiles/get_homography.dir/all] Error 2
[1.937s] gmake: *** [Makefile:146: all] Error 2
[1.938s] Invoked command in '/home/zack/Workspace/image_projection/src/build/image_projection' returned '2': CMAKE_PREFIX_PATH=${CMAKE_PREFIX_PATH}:/opt/ros/humble /usr/bin/cmake --build /home/zack/Workspace/image_projection/src/build/image_projection -- -j24 -l24
