-- Found ament_cmake: 1.3.6 (/opt/ros/humble/share/ament_cmake/cmake)
-- Found ament_lint_auto: 0.12.9 (/opt/ros/humble/share/ament_lint_auto/cmake)
-- Added test 'cppcheck' to perform static code analysis on C / C++ code
-- Configured cppcheck include dirs: 
-- Configured cppcheck exclude dirs and/or files: 
-- Added test 'lint_cmake' to check CMake code style
-- Added test 'uncrustify' to check C / C++ code style
-- Configured uncrustify additional arguments: 
-- Added test 'xmllint' to check XML markup files
-- Configuring done
-- Generating done
-- Build files have been written to: /home/zack/Workspace/image_projection/src/build/homography
[ 50%] [32mBuilding CXX object CMakeFiles/get_homography.dir/src/homography.cpp.o[0m
[01m[K/home/zack/Workspace/image_projection/src/homography/src/homography.cpp:19:30:[m[K [01;35m[Kwarning: [m[Kcharacter constant too long for its type
   19 |     cv::Mat im0 = cv::imread([01;35m[K'images/im0.jpg'[m[K);
      |                              [01;35m[K^~~~~~~~~~~~~~~~[m[K
[01m[K/home/zack/Workspace/image_projection/src/homography/src/homography.cpp:9:27:[m[K [01;31m[Kerror: [m[Kâ€˜[01m[Krclcpp[m[Kâ€™ has not been declared
    9 | class Homography : public [01;31m[Krclcpp[m[K::Node
      |                           [01;31m[K^~~~~~[m[K
[01m[K/home/zack/Workspace/image_projection/src/homography/src/homography.cpp:9:35:[m[K [01;31m[Kerror: [m[Kexpected â€˜[01m[K{[m[Kâ€™ before â€˜[01m[KNode[m[Kâ€™
    9 | class Homography : public rclcpp::[01;31m[KNode[m[K
      |                                   [01;31m[K^~~~[m[K
[01m[K/home/zack/Workspace/image_projection/src/homography/src/homography.cpp:14:1:[m[K [01;31m[Kerror: [m[Kexpected â€˜[01m[K,[m[Kâ€™ or â€˜[01m[K;[m[Kâ€™ before â€˜[01m[Kint[m[Kâ€™
   14 | [01;31m[Kint[m[K main()
      | [01;31m[K^~~[m[K
gmake[2]: *** [CMakeFiles/get_homography.dir/build.make:76: CMakeFiles/get_homography.dir/src/homography.cpp.o] Error 1
gmake[1]: *** [CMakeFiles/Makefile2:137: CMakeFiles/get_homography.dir/all] Error 2
gmake: *** [Makefile:146: all] Error 2
