[0.058s] Invoking command in '/home/zack/Workspace/image_projection/src/build/homography': CMAKE_PREFIX_PATH=${CMAKE_PREFIX_PATH}:/opt/ros/humble /usr/bin/cmake --build /home/zack/Workspace/image_projection/src/build/homography -- -j24 -l24
[0.070s] -- Found ament_cmake: 1.3.6 (/opt/ros/humble/share/ament_cmake/cmake)
[0.153s] -- Found ament_lint_auto: 0.12.9 (/opt/ros/humble/share/ament_lint_auto/cmake)
[0.188s] -- Added test 'cppcheck' to perform static code analysis on C / C++ code
[0.188s] -- Configured cppcheck include dirs: 
[0.188s] -- Configured cppcheck exclude dirs and/or files: 
[0.188s] -- Added test 'lint_cmake' to check CMake code style
[0.189s] -- Added test 'uncrustify' to check C / C++ code style
[0.189s] -- Configured uncrustify additional arguments: 
[0.189s] -- Added test 'xmllint' to check XML markup files
[0.189s] -- Configuring done
[0.192s] -- Generating done
[0.193s] -- Build files have been written to: /home/zack/Workspace/image_projection/src/build/homography
[0.212s] [ 50%] [32mBuilding CXX object CMakeFiles/get_homography.dir/src/homography.cpp.o[0m
[0.281s] [01m[K/home/zack/Workspace/image_projection/src/homography/src/homography.cpp:19:30:[m[K [01;35m[Kwarning: [m[Kcharacter constant too long for its type
[0.281s]    19 |     cv::Mat im0 = cv::imread([01;35m[K'images/im0.jpg'[m[K);
[0.281s]       |                              [01;35m[K^~~~~~~~~~~~~~~~[m[K
[0.775s] [01m[K/home/zack/Workspace/image_projection/src/homography/src/homography.cpp:9:27:[m[K [01;31m[Kerror: [m[Kâ€˜[01m[Krclcpp[m[Kâ€™ has not been declared
[0.775s]     9 | class Homography : public [01;31m[Krclcpp[m[K::Node
[0.775s]       |                           [01;31m[K^~~~~~[m[K
[0.775s] [01m[K/home/zack/Workspace/image_projection/src/homography/src/homography.cpp:9:35:[m[K [01;31m[Kerror: [m[Kexpected â€˜[01m[K{[m[Kâ€™ before â€˜[01m[KNode[m[Kâ€™
[0.775s]     9 | class Homography : public rclcpp::[01;31m[KNode[m[K
[0.775s]       |                                   [01;31m[K^~~~[m[K
[0.775s] [01m[K/home/zack/Workspace/image_projection/src/homography/src/homography.cpp:14:1:[m[K [01;31m[Kerror: [m[Kexpected â€˜[01m[K,[m[Kâ€™ or â€˜[01m[K;[m[Kâ€™ before â€˜[01m[Kint[m[Kâ€™
[0.775s]    14 | [01;31m[Kint[m[K main()
[0.775s]       | [01;31m[K^~~[m[K
[0.980s] gmake[2]: *** [CMakeFiles/get_homography.dir/build.make:76: CMakeFiles/get_homography.dir/src/homography.cpp.o] Error 1
[0.980s] gmake[1]: *** [CMakeFiles/Makefile2:137: CMakeFiles/get_homography.dir/all] Error 2
[0.980s] gmake: *** [Makefile:146: all] Error 2
[0.982s] Invoked command in '/home/zack/Workspace/image_projection/src/build/homography' returned '2': CMAKE_PREFIX_PATH=${CMAKE_PREFIX_PATH}:/opt/ros/humble /usr/bin/cmake --build /home/zack/Workspace/image_projection/src/build/homography -- -j24 -l24
