[0.128s] Invoking command in '/home/zack/Workspace/image_projection/src/build/homography': CMAKE_PREFIX_PATH=${CMAKE_PREFIX_PATH}:/opt/ros/humble /usr/bin/cmake --build /home/zack/Workspace/image_projection/src/build/homography -- -j24 -l24
[0.141s] -- Found ament_cmake: 1.3.6 (/opt/ros/humble/share/ament_cmake/cmake)
[0.224s] -- Found rclcpp: 16.0.7 (/opt/ros/humble/share/rclcpp/cmake)
[0.240s] -- Found rosidl_generator_c: 3.1.5 (/opt/ros/humble/share/rosidl_generator_c/cmake)
[0.241s] -- Found rosidl_adapter: 3.1.5 (/opt/ros/humble/share/rosidl_adapter/cmake)
[0.244s] -- Found rosidl_generator_cpp: 3.1.5 (/opt/ros/humble/share/rosidl_generator_cpp/cmake)
[0.250s] -- Using all available rosidl_typesupport_c: rosidl_typesupport_fastrtps_c;rosidl_typesupport_introspection_c
[0.258s] -- Using all available rosidl_typesupport_cpp: rosidl_typesupport_fastrtps_cpp;rosidl_typesupport_introspection_cpp
[0.287s] -- Found rmw_implementation_cmake: 6.1.1 (/opt/ros/humble/share/rmw_implementation_cmake/cmake)
[0.288s] -- Found rmw_fastrtps_cpp: 6.2.5 (/opt/ros/humble/share/rmw_fastrtps_cpp/cmake)
[0.356s] -- Using RMW implementation 'rmw_fastrtps_cpp' as default
[0.437s] -- Found ament_lint_auto: 0.12.9 (/opt/ros/humble/share/ament_lint_auto/cmake)
[0.474s] -- Added test 'cppcheck' to perform static code analysis on C / C++ code
[0.474s] -- Configured cppcheck include dirs: 
[0.474s] -- Configured cppcheck exclude dirs and/or files: 
[0.474s] -- Added test 'lint_cmake' to check CMake code style
[0.475s] -- Added test 'uncrustify' to check C / C++ code style
[0.475s] -- Configured uncrustify additional arguments: 
[0.475s] -- Added test 'xmllint' to check XML markup files
[0.475s] -- Configuring done
[0.479s] -- Generating done
[0.480s] -- Build files have been written to: /home/zack/Workspace/image_projection/src/build/homography
[0.495s] [35m[1mConsolidate compiler generated dependencies of target get_homography[0m
[0.507s] [ 50%] [32mBuilding CXX object CMakeFiles/get_homography.dir/src/homography.cpp.o[0m
[0.579s] [01m[K/home/zack/Workspace/image_projection/src/homography/src/homography.cpp:19:30:[m[K [01;35m[Kwarning: [m[Kcharacter constant too long for its type
[0.579s]    19 |     cv::Mat im0 = cv::imread([01;35m[K'images/im0.jpg'[m[K);
[0.579s]       |                              [01;35m[K^~~~~~~~~~~~~~~~[m[K
[1.069s] [01m[K/home/zack/Workspace/image_projection/src/homography/src/homography.cpp:9:27:[m[K [01;31m[Kerror: [m[Kâ€˜[01m[Krclcpp[m[Kâ€™ has not been declared
[1.069s]     9 | class Homography : public [01;31m[Krclcpp[m[K::Node
[1.069s]       |                           [01;31m[K^~~~~~[m[K
[1.069s] [01m[K/home/zack/Workspace/image_projection/src/homography/src/homography.cpp:9:35:[m[K [01;31m[Kerror: [m[Kexpected â€˜[01m[K{[m[Kâ€™ before â€˜[01m[KNode[m[Kâ€™
[1.069s]     9 | class Homography : public rclcpp::[01;31m[KNode[m[K
[1.069s]       |                                   [01;31m[K^~~~[m[K
[1.069s] [01m[K/home/zack/Workspace/image_projection/src/homography/src/homography.cpp:14:1:[m[K [01;31m[Kerror: [m[Kexpected â€˜[01m[K,[m[Kâ€™ or â€˜[01m[K;[m[Kâ€™ before â€˜[01m[Kint[m[Kâ€™
[1.069s]    14 | [01;31m[Kint[m[K main()
[1.069s]       | [01;31m[K^~~[m[K
[1.266s] gmake[2]: *** [CMakeFiles/get_homography.dir/build.make:76: CMakeFiles/get_homography.dir/src/homography.cpp.o] Error 1
[1.266s] gmake[1]: *** [CMakeFiles/Makefile2:137: CMakeFiles/get_homography.dir/all] Error 2
[1.267s] gmake: *** [Makefile:146: all] Error 2
[1.268s] Invoked command in '/home/zack/Workspace/image_projection/src/build/homography' returned '2': CMAKE_PREFIX_PATH=${CMAKE_PREFIX_PATH}:/opt/ros/humble /usr/bin/cmake --build /home/zack/Workspace/image_projection/src/build/homography -- -j24 -l24
