In file included from [01m[K/home/zack/Workspace/image_projection/src/homography/src/homography.cpp:3[m[K:
[01m[K/usr/include/opencv4/opencv2/opencv.hpp:48:10:[m[K [01;31m[Kfatal error: [m[Kopencv2/opencv_modules.hpp: No such file or directory
   48 | #include [01;31m[K"opencv2/opencv_modules.hpp"[m[K
      |          [01;31m[K^~~~~~~~~~~~~~~~~~~~~~~~~~~~[m[K
compilation terminated.
gmake[2]: *** [CMakeFiles/get_homography.dir/build.make:76: CMakeFiles/get_homography.dir/src/homography.cpp.o] Error 1
gmake[1]: *** [CMakeFiles/Makefile2:137: CMakeFiles/get_homography.dir/all] Error 2
gmake: *** [Makefile:146: all] Error 2
